\BOOKMARK [1][-]{section.1}{General IO}{}% 1
\BOOKMARK [1][-]{section.2}{Operators and Expressions}{}% 2
\BOOKMARK [2][-]{subsection.2.1}{Bitwise Operators}{section.2}% 3
\BOOKMARK [1][-]{section.3}{Control and Loop Structures}{}% 4
\BOOKMARK [2][-]{subsection.3.1}{If-Then-Else}{section.3}% 5
\BOOKMARK [2][-]{subsection.3.2}{Switch}{section.3}% 6
\BOOKMARK [2][-]{subsection.3.3}{Ternary Statement}{section.3}% 7
\BOOKMARK [2][-]{subsection.3.4}{While Loop}{section.3}% 8
\BOOKMARK [2][-]{subsection.3.5}{For Loop}{section.3}% 9
\BOOKMARK [1][-]{section.4}{Functions}{}% 10
\BOOKMARK [2][-]{subsection.4.1}{General Function Structure}{section.4}% 11
\BOOKMARK [2][-]{subsection.4.2}{Arguments by Value}{section.4}% 12
\BOOKMARK [2][-]{subsection.4.3}{Arguments by Pointer Value}{section.4}% 13
\BOOKMARK [2][-]{subsection.4.4}{Arguments by Reference}{section.4}% 14
\BOOKMARK [1][-]{section.5}{Objects}{}% 15
\BOOKMARK [2][-]{subsection.5.1}{Structs}{section.5}% 16
\BOOKMARK [1][-]{section.6}{Unix Terminal Commands}{}% 17
\BOOKMARK [2][-]{subsection.6.1}{Directory and File Management}{section.6}% 18
\BOOKMARK [2][-]{subsection.6.2}{Special Characters}{section.6}% 19
\BOOKMARK [2][-]{subsection.6.3}{PSCP Command}{section.6}% 20
